CRITICAL - 2020-11-27 02:22:35 --> Unable to connect to the database.
#0 C:\xampp\htdocs\ussa\vendor\codeigniter4\framework\system\Database\BaseConnection.php(646): CodeIgniter\Database\BaseConnection->initialize()
#1 C:\xampp\htdocs\ussa\vendor\codeigniter4\framework\system\Database\BaseBuilder.php(1860): CodeIgniter\Database\BaseConnection->query('SELECT *\nFROM `...', Array, false)
#2 C:\xampp\htdocs\ussa\vendor\codeigniter4\framework\system\Model.php(506): CodeIgniter\Database\BaseBuilder->get()
#3 C:\xampp\htdocs\ussa\app\Controllers\Admin.php(80): CodeIgniter\Model->first()
#4 C:\xampp\htdocs\ussa\vendor\codeigniter4\framework\system\CodeIgniter.php(918): App\Controllers\Admin->login()
#5 C:\xampp\htdocs\ussa\vendor\codeigniter4\framework\system\CodeIgniter.php(404): CodeIgniter\CodeIgniter->runController(Object(App\Controllers\Admin))
#6 C:\xampp\htdocs\ussa\vendor\codeigniter4\framework\system\CodeIgniter.php(312): CodeIgniter\CodeIgniter->handleRequest(NULL, Object(Config\Cache), false)
#7 C:\xampp\htdocs\ussa\public\index.php(45): CodeIgniter\CodeIgniter->run()
#8 C:\xampp\htdocs\ussa\vendor\codeigniter4\framework\system\Commands\Server\rewrite.php(34): require_once('C:\\xampp\\htdocs...')
#9 {main}
CRITICAL - 2020-11-27 02:46:40 --> Class 'App\Controllers\Gallery' not found
#0 C:\xampp\htdocs\ussa\vendor\codeigniter4\framework\system\CodeIgniter.php(918): App\Controllers\Admin->create_gallery()
#1 C:\xampp\htdocs\ussa\vendor\codeigniter4\framework\system\CodeIgniter.php(404): CodeIgniter\CodeIgniter->runController(Object(App\Controllers\Admin))
#2 C:\xampp\htdocs\ussa\vendor\codeigniter4\framework\system\CodeIgniter.php(312): CodeIgniter\CodeIgniter->handleRequest(NULL, Object(Config\Cache), false)
#3 C:\xampp\htdocs\ussa\public\index.php(45): CodeIgniter\CodeIgniter->run()
#4 C:\xampp\htdocs\ussa\vendor\codeigniter4\framework\system\Commands\Server\rewrite.php(34): require_once('C:\\xampp\\htdocs...')
#5 {main}
CRITICAL - 2020-11-27 03:48:10 --> Call to undefined function App\Controllers\findAll()
#0 C:\xampp\htdocs\ussa\vendor\codeigniter4\framework\system\CodeIgniter.php(918): App\Controllers\Home->Gallery()
#1 C:\xampp\htdocs\ussa\vendor\codeigniter4\framework\system\CodeIgniter.php(404): CodeIgniter\CodeIgniter->runController(Object(App\Controllers\Home))
#2 C:\xampp\htdocs\ussa\vendor\codeigniter4\framework\system\CodeIgniter.php(312): CodeIgniter\CodeIgniter->handleRequest(NULL, Object(Config\Cache), false)
#3 C:\xampp\htdocs\ussa\public\index.php(45): CodeIgniter\CodeIgniter->run()
#4 C:\xampp\htdocs\ussa\vendor\codeigniter4\framework\system\Commands\Server\rewrite.php(34): require_once('C:\\xampp\\htdocs...')
#5 {main}
CRITICAL - 2020-11-27 09:37:47 --> Unable to connect to the database.
#0 C:\xampp\htdocs\ussa\vendor\codeigniter4\framework\system\Database\BaseConnection.php(646): CodeIgniter\Database\BaseConnection->initialize()
#1 C:\xampp\htdocs\ussa\vendor\codeigniter4\framework\system\Database\BaseBuilder.php(1860): CodeIgniter\Database\BaseConnection->query('SELECT *\nFROM `...', Array, false)
#2 C:\xampp\htdocs\ussa\vendor\codeigniter4\framework\system\Model.php(462): CodeIgniter\Database\BaseBuilder->get()
#3 C:\xampp\htdocs\ussa\app\Controllers\Home.php(30): CodeIgniter\Model->findAll()
#4 C:\xampp\htdocs\ussa\vendor\codeigniter4\framework\system\CodeIgniter.php(918): App\Controllers\Home->Events()
#5 C:\xampp\htdocs\ussa\vendor\codeigniter4\framework\system\CodeIgniter.php(404): CodeIgniter\CodeIgniter->runController(Object(App\Controllers\Home))
#6 C:\xampp\htdocs\ussa\vendor\codeigniter4\framework\system\CodeIgniter.php(312): CodeIgniter\CodeIgniter->handleRequest(NULL, Object(Config\Cache), false)
#7 C:\xampp\htdocs\ussa\public\index.php(45): CodeIgniter\CodeIgniter->run()
#8 C:\xampp\htdocs\ussa\vendor\codeigniter4\framework\system\Commands\Server\rewrite.php(34): require_once('C:\\xampp\\htdocs...')
#9 {main}
