CRITICAL - 2020-09-28 02:13:59 --> Invalid file: login.php
#0 C:\Users\Dhiraj\Desktop\Knowlexon\ussaodisha.org\vendor\codeigniter4\framework\system\View\View.php(228): CodeIgniter\Exceptions\FrameworkException::forInvalidFile('login.php')
#1 C:\Users\Dhiraj\Desktop\Knowlexon\ussaodisha.org\vendor\codeigniter4\framework\system\Common.php(1119): CodeIgniter\View\View->render('login', Array, true)
#2 C:\Users\Dhiraj\Desktop\Knowlexon\ussaodisha.org\app\Controllers\Admin.php(31): view('login', Array)
#3 C:\Users\Dhiraj\Desktop\Knowlexon\ussaodisha.org\vendor\codeigniter4\framework\system\CodeIgniter.php(918): App\Controllers\Admin->login()
#4 C:\Users\Dhiraj\Desktop\Knowlexon\ussaodisha.org\vendor\codeigniter4\framework\system\CodeIgniter.php(404): CodeIgniter\CodeIgniter->runController(Object(App\Controllers\Admin))
#5 C:\Users\Dhiraj\Desktop\Knowlexon\ussaodisha.org\vendor\codeigniter4\framework\system\CodeIgniter.php(312): CodeIgniter\CodeIgniter->handleRequest(NULL, Object(Config\Cache), false)
#6 C:\Users\Dhiraj\Desktop\Knowlexon\ussaodisha.org\public\index.php(45): CodeIgniter\CodeIgniter->run()
#7 C:\Users\Dhiraj\Desktop\Knowlexon\ussaodisha.org\vendor\codeigniter4\framework\system\Commands\Server\rewrite.php(34): require_once('C:\\Users\\Dhiraj...')
#8 {main}
CRITICAL - 2020-09-28 02:14:19 --> Invalid file: login.php
#0 C:\Users\Dhiraj\Desktop\Knowlexon\ussaodisha.org\vendor\codeigniter4\framework\system\View\View.php(228): CodeIgniter\Exceptions\FrameworkException::forInvalidFile('login.php')
#1 C:\Users\Dhiraj\Desktop\Knowlexon\ussaodisha.org\vendor\codeigniter4\framework\system\Common.php(1119): CodeIgniter\View\View->render('login', Array, true)
#2 C:\Users\Dhiraj\Desktop\Knowlexon\ussaodisha.org\app\Controllers\Admin.php(31): view('login', Array)
#3 C:\Users\Dhiraj\Desktop\Knowlexon\ussaodisha.org\vendor\codeigniter4\framework\system\CodeIgniter.php(918): App\Controllers\Admin->login()
#4 C:\Users\Dhiraj\Desktop\Knowlexon\ussaodisha.org\vendor\codeigniter4\framework\system\CodeIgniter.php(404): CodeIgniter\CodeIgniter->runController(Object(App\Controllers\Admin))
#5 C:\Users\Dhiraj\Desktop\Knowlexon\ussaodisha.org\vendor\codeigniter4\framework\system\CodeIgniter.php(312): CodeIgniter\CodeIgniter->handleRequest(NULL, Object(Config\Cache), false)
#6 C:\Users\Dhiraj\Desktop\Knowlexon\ussaodisha.org\public\index.php(45): CodeIgniter\CodeIgniter->run()
#7 C:\Users\Dhiraj\Desktop\Knowlexon\ussaodisha.org\vendor\codeigniter4\framework\system\Commands\Server\rewrite.php(34): require_once('C:\\Users\\Dhiraj...')
#8 {main}
CRITICAL - 2020-09-28 02:14:58 --> Invalid file: /admin.php
#0 C:\Users\Dhiraj\Desktop\Knowlexon\ussaodisha.org\vendor\codeigniter4\framework\system\View\View.php(228): CodeIgniter\Exceptions\FrameworkException::forInvalidFile('/admin.php')
#1 C:\Users\Dhiraj\Desktop\Knowlexon\ussaodisha.org\vendor\codeigniter4\framework\system\Common.php(1119): CodeIgniter\View\View->render('/admin', Array, true)
#2 C:\Users\Dhiraj\Desktop\Knowlexon\ussaodisha.org\app\Controllers\Admin.php(31): view('/admin', Array)
#3 C:\Users\Dhiraj\Desktop\Knowlexon\ussaodisha.org\vendor\codeigniter4\framework\system\CodeIgniter.php(918): App\Controllers\Admin->login()
#4 C:\Users\Dhiraj\Desktop\Knowlexon\ussaodisha.org\vendor\codeigniter4\framework\system\CodeIgniter.php(404): CodeIgniter\CodeIgniter->runController(Object(App\Controllers\Admin))
#5 C:\Users\Dhiraj\Desktop\Knowlexon\ussaodisha.org\vendor\codeigniter4\framework\system\CodeIgniter.php(312): CodeIgniter\CodeIgniter->handleRequest(NULL, Object(Config\Cache), false)
#6 C:\Users\Dhiraj\Desktop\Knowlexon\ussaodisha.org\public\index.php(45): CodeIgniter\CodeIgniter->run()
#7 C:\Users\Dhiraj\Desktop\Knowlexon\ussaodisha.org\vendor\codeigniter4\framework\system\Commands\Server\rewrite.php(34): require_once('C:\\Users\\Dhiraj...')
#8 {main}
CRITICAL - 2020-09-28 02:16:29 --> Call to undefined method CodeIgniter\Validation\Validation::listErros()
#0 C:\Users\Dhiraj\Desktop\Knowlexon\ussaodisha.org\vendor\codeigniter4\framework\system\View\View.php(246): include()
#1 C:\Users\Dhiraj\Desktop\Knowlexon\ussaodisha.org\vendor\codeigniter4\framework\system\Common.php(1119): CodeIgniter\View\View->render('admin/login', Array, true)
#2 C:\Users\Dhiraj\Desktop\Knowlexon\ussaodisha.org\app\Controllers\Admin.php(31): view('admin/login', Array)
#3 C:\Users\Dhiraj\Desktop\Knowlexon\ussaodisha.org\vendor\codeigniter4\framework\system\CodeIgniter.php(918): App\Controllers\Admin->login()
#4 C:\Users\Dhiraj\Desktop\Knowlexon\ussaodisha.org\vendor\codeigniter4\framework\system\CodeIgniter.php(404): CodeIgniter\CodeIgniter->runController(Object(App\Controllers\Admin))
#5 C:\Users\Dhiraj\Desktop\Knowlexon\ussaodisha.org\vendor\codeigniter4\framework\system\CodeIgniter.php(312): CodeIgniter\CodeIgniter->handleRequest(NULL, Object(Config\Cache), false)
#6 C:\Users\Dhiraj\Desktop\Knowlexon\ussaodisha.org\public\index.php(45): CodeIgniter\CodeIgniter->run()
#7 C:\Users\Dhiraj\Desktop\Knowlexon\ussaodisha.org\vendor\codeigniter4\framework\system\Commands\Server\rewrite.php(34): require_once('C:\\Users\\Dhiraj...')
#8 {main}
CRITICAL - 2020-09-28 02:21:01 --> Use of undefined constant loginoage - assumed 'loginoage' (this will throw an Error in a future version of PHP)
#0 C:\Users\Dhiraj\Desktop\Knowlexon\ussaodisha.org\app\Controllers\Admin.php(31): CodeIgniter\Debug\Exceptions->errorHandler(2, 'Use of undefine...', 'C:\\Users\\Dhiraj...', 31, Array)
#1 C:\Users\Dhiraj\Desktop\Knowlexon\ussaodisha.org\vendor\codeigniter4\framework\system\CodeIgniter.php(918): App\Controllers\Admin->login()
#2 C:\Users\Dhiraj\Desktop\Knowlexon\ussaodisha.org\vendor\codeigniter4\framework\system\CodeIgniter.php(404): CodeIgniter\CodeIgniter->runController(Object(App\Controllers\Admin))
#3 C:\Users\Dhiraj\Desktop\Knowlexon\ussaodisha.org\vendor\codeigniter4\framework\system\CodeIgniter.php(312): CodeIgniter\CodeIgniter->handleRequest(NULL, Object(Config\Cache), false)
#4 C:\Users\Dhiraj\Desktop\Knowlexon\ussaodisha.org\public\index.php(45): CodeIgniter\CodeIgniter->run()
#5 C:\Users\Dhiraj\Desktop\Knowlexon\ussaodisha.org\vendor\codeigniter4\framework\system\Commands\Server\rewrite.php(34): require_once('C:\\Users\\Dhiraj...')
#6 {main}
CRITICAL - 2020-09-28 02:37:55 --> Call to undefined method CodeIgniter\HTTP\IncomingRequest::POST()
#0 C:\Users\Dhiraj\Desktop\Knowlexon\ussaodisha.org\vendor\codeigniter4\framework\system\CodeIgniter.php(918): App\Controllers\Admin->login()
#1 C:\Users\Dhiraj\Desktop\Knowlexon\ussaodisha.org\vendor\codeigniter4\framework\system\CodeIgniter.php(404): CodeIgniter\CodeIgniter->runController(Object(App\Controllers\Admin))
#2 C:\Users\Dhiraj\Desktop\Knowlexon\ussaodisha.org\vendor\codeigniter4\framework\system\CodeIgniter.php(312): CodeIgniter\CodeIgniter->handleRequest(NULL, Object(Config\Cache), false)
#3 C:\Users\Dhiraj\Desktop\Knowlexon\ussaodisha.org\public\index.php(45): CodeIgniter\CodeIgniter->run()
#4 C:\Users\Dhiraj\Desktop\Knowlexon\ussaodisha.org\vendor\codeigniter4\framework\system\Commands\Server\rewrite.php(34): require_once('C:\\Users\\Dhiraj...')
#5 {main}
CRITICAL - 2020-09-28 03:05:29 --> min_lenght is not a valid rule.
#0 C:\Users\Dhiraj\Desktop\Knowlexon\ussaodisha.org\vendor\codeigniter4\framework\system\Validation\Validation.php(333): CodeIgniter\Validation\Exceptions\ValidationException::forRuleNotFound('min_lenght')
#1 C:\Users\Dhiraj\Desktop\Knowlexon\ussaodisha.org\vendor\codeigniter4\framework\system\Validation\Validation.php(189): CodeIgniter\Validation\Validation->processRules('password', 'password', 'pass', Array, Array)
#2 C:\Users\Dhiraj\Desktop\Knowlexon\ussaodisha.org\vendor\codeigniter4\framework\system\Controller.php(219): CodeIgniter\Validation\Validation->run()
#3 C:\Users\Dhiraj\Desktop\Knowlexon\ussaodisha.org\app\Controllers\Admin.php(35): CodeIgniter\Controller->validate(Array)
#4 C:\Users\Dhiraj\Desktop\Knowlexon\ussaodisha.org\vendor\codeigniter4\framework\system\CodeIgniter.php(918): App\Controllers\Admin->registerUser()
#5 C:\Users\Dhiraj\Desktop\Knowlexon\ussaodisha.org\vendor\codeigniter4\framework\system\CodeIgniter.php(404): CodeIgniter\CodeIgniter->runController(Object(App\Controllers\Admin))
#6 C:\Users\Dhiraj\Desktop\Knowlexon\ussaodisha.org\vendor\codeigniter4\framework\system\CodeIgniter.php(312): CodeIgniter\CodeIgniter->handleRequest(NULL, Object(Config\Cache), false)
#7 C:\Users\Dhiraj\Desktop\Knowlexon\ussaodisha.org\public\index.php(45): CodeIgniter\CodeIgniter->run()
#8 C:\Users\Dhiraj\Desktop\Knowlexon\ussaodisha.org\vendor\codeigniter4\framework\system\Commands\Server\rewrite.php(34): require_once('C:\\Users\\Dhiraj...')
#9 {main}
CRITICAL - 2020-09-28 03:08:17 --> max_lenght is not a valid rule.
#0 C:\Users\Dhiraj\Desktop\Knowlexon\ussaodisha.org\vendor\codeigniter4\framework\system\Validation\Validation.php(333): CodeIgniter\Validation\Exceptions\ValidationException::forRuleNotFound('max_lenght')
#1 C:\Users\Dhiraj\Desktop\Knowlexon\ussaodisha.org\vendor\codeigniter4\framework\system\Validation\Validation.php(189): CodeIgniter\Validation\Validation->processRules('password', 'password', 'password', Array, Array)
#2 C:\Users\Dhiraj\Desktop\Knowlexon\ussaodisha.org\vendor\codeigniter4\framework\system\Controller.php(219): CodeIgniter\Validation\Validation->run()
#3 C:\Users\Dhiraj\Desktop\Knowlexon\ussaodisha.org\app\Controllers\Admin.php(35): CodeIgniter\Controller->validate(Array)
#4 C:\Users\Dhiraj\Desktop\Knowlexon\ussaodisha.org\vendor\codeigniter4\framework\system\CodeIgniter.php(918): App\Controllers\Admin->registerUser()
#5 C:\Users\Dhiraj\Desktop\Knowlexon\ussaodisha.org\vendor\codeigniter4\framework\system\CodeIgniter.php(404): CodeIgniter\CodeIgniter->runController(Object(App\Controllers\Admin))
#6 C:\Users\Dhiraj\Desktop\Knowlexon\ussaodisha.org\vendor\codeigniter4\framework\system\CodeIgniter.php(312): CodeIgniter\CodeIgniter->handleRequest(NULL, Object(Config\Cache), false)
#7 C:\Users\Dhiraj\Desktop\Knowlexon\ussaodisha.org\public\index.php(45): CodeIgniter\CodeIgniter->run()
#8 C:\Users\Dhiraj\Desktop\Knowlexon\ussaodisha.org\vendor\codeigniter4\framework\system\Commands\Server\rewrite.php(34): require_once('C:\\Users\\Dhiraj...')
#9 {main}
CRITICAL - 2020-09-28 03:20:10 --> password_hash() expects at least 2 parameters, 1 given
#0 [internal function]: CodeIgniter\Debug\Exceptions->errorHandler(2, 'password_hash()...', 'C:\\Users\\Dhiraj...', 40, Array)
#1 C:\Users\Dhiraj\Desktop\Knowlexon\ussaodisha.org\app\Controllers\Admin.php(40): password_hash('password1')
#2 C:\Users\Dhiraj\Desktop\Knowlexon\ussaodisha.org\vendor\codeigniter4\framework\system\CodeIgniter.php(918): App\Controllers\Admin->registerUser()
#3 C:\Users\Dhiraj\Desktop\Knowlexon\ussaodisha.org\vendor\codeigniter4\framework\system\CodeIgniter.php(404): CodeIgniter\CodeIgniter->runController(Object(App\Controllers\Admin))
#4 C:\Users\Dhiraj\Desktop\Knowlexon\ussaodisha.org\vendor\codeigniter4\framework\system\CodeIgniter.php(312): CodeIgniter\CodeIgniter->handleRequest(NULL, Object(Config\Cache), false)
#5 C:\Users\Dhiraj\Desktop\Knowlexon\ussaodisha.org\public\index.php(45): CodeIgniter\CodeIgniter->run()
#6 C:\Users\Dhiraj\Desktop\Knowlexon\ussaodisha.org\vendor\codeigniter4\framework\system\Commands\Server\rewrite.php(34): require_once('C:\\Users\\Dhiraj...')
#7 {main}
CRITICAL - 2020-09-28 03:26:39 --> syntax error, unexpected ')'
#0 C:\Users\Dhiraj\Desktop\Knowlexon\ussaodisha.org\vendor\codeigniter4\framework\system\Common.php(1119): CodeIgniter\View\View->render('admin/register', Array, true)
#1 C:\Users\Dhiraj\Desktop\Knowlexon\ussaodisha.org\app\Controllers\Admin.php(15): view('admin/register')
#2 C:\Users\Dhiraj\Desktop\Knowlexon\ussaodisha.org\vendor\codeigniter4\framework\system\CodeIgniter.php(918): App\Controllers\Admin->register()
#3 C:\Users\Dhiraj\Desktop\Knowlexon\ussaodisha.org\vendor\codeigniter4\framework\system\CodeIgniter.php(404): CodeIgniter\CodeIgniter->runController(Object(App\Controllers\Admin))
#4 C:\Users\Dhiraj\Desktop\Knowlexon\ussaodisha.org\vendor\codeigniter4\framework\system\CodeIgniter.php(312): CodeIgniter\CodeIgniter->handleRequest(NULL, Object(Config\Cache), false)
#5 C:\Users\Dhiraj\Desktop\Knowlexon\ussaodisha.org\public\index.php(45): CodeIgniter\CodeIgniter->run()
#6 C:\Users\Dhiraj\Desktop\Knowlexon\ussaodisha.org\vendor\codeigniter4\framework\system\Commands\Server\rewrite.php(34): require_once('C:\\Users\\Dhiraj...')
#7 {main}
CRITICAL - 2020-09-28 05:47:31 --> Call to undefined function renderSection()
#0 C:\Users\Dhiraj\Desktop\Knowlexon\ussaodisha.org\vendor\codeigniter4\framework\system\View\View.php(246): include()
#1 C:\Users\Dhiraj\Desktop\Knowlexon\ussaodisha.org\vendor\codeigniter4\framework\system\View\View.php(257): CodeIgniter\View\View->render('layout/admin', Array, true)
#2 C:\Users\Dhiraj\Desktop\Knowlexon\ussaodisha.org\vendor\codeigniter4\framework\system\Common.php(1119): CodeIgniter\View\View->render('admin/dashboard', Array, true)
#3 C:\Users\Dhiraj\Desktop\Knowlexon\ussaodisha.org\app\Controllers\Admin.php(113): view('admin/dashboard')
#4 C:\Users\Dhiraj\Desktop\Knowlexon\ussaodisha.org\vendor\codeigniter4\framework\system\CodeIgniter.php(918): App\Controllers\Admin->Dashboard()
#5 C:\Users\Dhiraj\Desktop\Knowlexon\ussaodisha.org\vendor\codeigniter4\framework\system\CodeIgniter.php(404): CodeIgniter\CodeIgniter->runController(Object(App\Controllers\Admin))
#6 C:\Users\Dhiraj\Desktop\Knowlexon\ussaodisha.org\vendor\codeigniter4\framework\system\CodeIgniter.php(312): CodeIgniter\CodeIgniter->handleRequest(NULL, Object(Config\Cache), false)
#7 C:\Users\Dhiraj\Desktop\Knowlexon\ussaodisha.org\public\index.php(45): CodeIgniter\CodeIgniter->run()
#8 C:\Users\Dhiraj\Desktop\Knowlexon\ussaodisha.org\vendor\codeigniter4\framework\system\Commands\Server\rewrite.php(34): require_once('C:\\Users\\Dhiraj...')
#9 {main}
CRITICAL - 2020-09-28 13:06:44 --> syntax error, unexpected end of file
#0 C:\Users\Dhiraj\Desktop\Knowlexon\ussaodisha.org\vendor\codeigniter4\framework\system\Common.php(1119): CodeIgniter\View\View->render('admin/dashboard', Array, true)
#1 C:\Users\Dhiraj\Desktop\Knowlexon\ussaodisha.org\app\Controllers\Admin.php(113): view('admin/dashboard')
#2 C:\Users\Dhiraj\Desktop\Knowlexon\ussaodisha.org\vendor\codeigniter4\framework\system\CodeIgniter.php(918): App\Controllers\Admin->Dashboard()
#3 C:\Users\Dhiraj\Desktop\Knowlexon\ussaodisha.org\vendor\codeigniter4\framework\system\CodeIgniter.php(404): CodeIgniter\CodeIgniter->runController(Object(App\Controllers\Admin))
#4 C:\Users\Dhiraj\Desktop\Knowlexon\ussaodisha.org\vendor\codeigniter4\framework\system\CodeIgniter.php(312): CodeIgniter\CodeIgniter->handleRequest(NULL, Object(Config\Cache), false)
#5 C:\Users\Dhiraj\Desktop\Knowlexon\ussaodisha.org\public\index.php(45): CodeIgniter\CodeIgniter->run()
#6 C:\Users\Dhiraj\Desktop\Knowlexon\ussaodisha.org\vendor\codeigniter4\framework\system\Commands\Server\rewrite.php(34): require_once('C:\\Users\\Dhiraj...')
#7 {main}
CRITICAL - 2020-09-28 14:18:59 --> syntax error, unexpected end of file, expecting elseif (T_ELSEIF) or else (T_ELSE) or endif (T_ENDIF)
#0 C:\Users\Dhiraj\Desktop\Knowlexon\ussaodisha.org\vendor\codeigniter4\framework\system\Common.php(1119): CodeIgniter\View\View->render('admin/login2', Array, true)
#1 C:\Users\Dhiraj\Desktop\Knowlexon\ussaodisha.org\app\Controllers\Admin.php(108): view('admin/login2', Array)
#2 C:\Users\Dhiraj\Desktop\Knowlexon\ussaodisha.org\vendor\codeigniter4\framework\system\CodeIgniter.php(918): App\Controllers\Admin->login()
#3 C:\Users\Dhiraj\Desktop\Knowlexon\ussaodisha.org\vendor\codeigniter4\framework\system\CodeIgniter.php(404): CodeIgniter\CodeIgniter->runController(Object(App\Controllers\Admin))
#4 C:\Users\Dhiraj\Desktop\Knowlexon\ussaodisha.org\vendor\codeigniter4\framework\system\CodeIgniter.php(312): CodeIgniter\CodeIgniter->handleRequest(NULL, Object(Config\Cache), false)
#5 C:\Users\Dhiraj\Desktop\Knowlexon\ussaodisha.org\public\index.php(45): CodeIgniter\CodeIgniter->run()
#6 C:\Users\Dhiraj\Desktop\Knowlexon\ussaodisha.org\vendor\codeigniter4\framework\system\Commands\Server\rewrite.php(34): require_once('C:\\Users\\Dhiraj...')
#7 {main}
