CRITICAL - 2020-11-30 00:15:59 --> Unable to connect to the database.
#0 C:\xampp\htdocs\ussa\vendor\codeigniter4\framework\system\Database\BaseConnection.php(646): CodeIgniter\Database\BaseConnection->initialize()
#1 C:\xampp\htdocs\ussa\vendor\codeigniter4\framework\system\Database\BaseBuilder.php(1860): CodeIgniter\Database\BaseConnection->query('SELECT *\nFROM `...', Array, false)
#2 C:\xampp\htdocs\ussa\vendor\codeigniter4\framework\system\Model.php(462): CodeIgniter\Database\BaseBuilder->get()
#3 C:\xampp\htdocs\ussa\app\Controllers\Home.php(30): CodeIgniter\Model->findAll()
#4 C:\xampp\htdocs\ussa\vendor\codeigniter4\framework\system\CodeIgniter.php(918): App\Controllers\Home->Events()
#5 C:\xampp\htdocs\ussa\vendor\codeigniter4\framework\system\CodeIgniter.php(404): CodeIgniter\CodeIgniter->runController(Object(App\Controllers\Home))
#6 C:\xampp\htdocs\ussa\vendor\codeigniter4\framework\system\CodeIgniter.php(312): CodeIgniter\CodeIgniter->handleRequest(NULL, Object(Config\Cache), false)
#7 C:\xampp\htdocs\ussa\public\index.php(45): CodeIgniter\CodeIgniter->run()
#8 C:\xampp\htdocs\ussa\vendor\codeigniter4\framework\system\Commands\Server\rewrite.php(34): require_once('C:\\xampp\\htdocs...')
#9 {main}
CRITICAL - 2020-11-30 00:52:53 --> Too few arguments to function App\Controllers\Home::subscribe_emails(), 0 passed in C:\xampp\htdocs\ussa\vendor\codeigniter4\framework\system\CodeIgniter.php on line 918 and exactly 1 expected
#0 C:\xampp\htdocs\ussa\vendor\codeigniter4\framework\system\CodeIgniter.php(918): App\Controllers\Home->subscribe_emails()
#1 C:\xampp\htdocs\ussa\vendor\codeigniter4\framework\system\CodeIgniter.php(404): CodeIgniter\CodeIgniter->runController(Object(App\Controllers\Home))
#2 C:\xampp\htdocs\ussa\vendor\codeigniter4\framework\system\CodeIgniter.php(312): CodeIgniter\CodeIgniter->handleRequest(NULL, Object(Config\Cache), false)
#3 C:\xampp\htdocs\ussa\public\index.php(45): CodeIgniter\CodeIgniter->run()
#4 C:\xampp\htdocs\ussa\vendor\codeigniter4\framework\system\Commands\Server\rewrite.php(34): require_once('C:\\xampp\\htdocs...')
#5 {main}
CRITICAL - 2020-11-30 00:53:14 --> Too few arguments to function App\Controllers\Home::subscribe_emails(), 0 passed in C:\xampp\htdocs\ussa\vendor\codeigniter4\framework\system\CodeIgniter.php on line 918 and exactly 1 expected
#0 C:\xampp\htdocs\ussa\vendor\codeigniter4\framework\system\CodeIgniter.php(918): App\Controllers\Home->subscribe_emails()
#1 C:\xampp\htdocs\ussa\vendor\codeigniter4\framework\system\CodeIgniter.php(404): CodeIgniter\CodeIgniter->runController(Object(App\Controllers\Home))
#2 C:\xampp\htdocs\ussa\vendor\codeigniter4\framework\system\CodeIgniter.php(312): CodeIgniter\CodeIgniter->handleRequest(NULL, Object(Config\Cache), false)
#3 C:\xampp\htdocs\ussa\public\index.php(45): CodeIgniter\CodeIgniter->run()
#4 C:\xampp\htdocs\ussa\vendor\codeigniter4\framework\system\Commands\Server\rewrite.php(34): require_once('C:\\xampp\\htdocs...')
#5 {main}
CRITICAL - 2020-11-30 00:59:05 --> Use of undefined constant d - assumed 'd' (this will throw an Error in a future version of PHP)
#0 C:\xampp\htdocs\ussa\app\Controllers\Home.php(61): CodeIgniter\Debug\Exceptions->errorHandler(2, 'Use of undefine...', 'C:\\xampp\\htdocs...', 61, Array)
#1 C:\xampp\htdocs\ussa\vendor\codeigniter4\framework\system\CodeIgniter.php(918): App\Controllers\Home->subscribe_emails('($email)')
#2 C:\xampp\htdocs\ussa\vendor\codeigniter4\framework\system\CodeIgniter.php(404): CodeIgniter\CodeIgniter->runController(Object(App\Controllers\Home))
#3 C:\xampp\htdocs\ussa\vendor\codeigniter4\framework\system\CodeIgniter.php(312): CodeIgniter\CodeIgniter->handleRequest(NULL, Object(Config\Cache), false)
#4 C:\xampp\htdocs\ussa\public\index.php(45): CodeIgniter\CodeIgniter->run()
#5 C:\xampp\htdocs\ussa\vendor\codeigniter4\framework\system\Commands\Server\rewrite.php(34): require_once('C:\\xampp\\htdocs...')
#6 {main}
CRITICAL - 2020-11-30 02:02:28 --> unlink(C:\xampp\htdocs\ussa\public/Uploads/profiles/): Permission denied
#0 [internal function]: CodeIgniter\Debug\Exceptions->errorHandler(2, 'unlink(C:\\xampp...', 'C:\\xampp\\htdocs...', 442, Array)
#1 C:\xampp\htdocs\ussa\app\Controllers\Admin.php(442): unlink('C:\\xampp\\htdocs...')
#2 C:\xampp\htdocs\ussa\vendor\codeigniter4\framework\system\CodeIgniter.php(918): App\Controllers\Admin->delete_user('10')
#3 C:\xampp\htdocs\ussa\vendor\codeigniter4\framework\system\CodeIgniter.php(404): CodeIgniter\CodeIgniter->runController(Object(App\Controllers\Admin))
#4 C:\xampp\htdocs\ussa\vendor\codeigniter4\framework\system\CodeIgniter.php(312): CodeIgniter\CodeIgniter->handleRequest(NULL, Object(Config\Cache), false)
#5 C:\xampp\htdocs\ussa\public\index.php(45): CodeIgniter\CodeIgniter->run()
#6 C:\xampp\htdocs\ussa\vendor\codeigniter4\framework\system\Commands\Server\rewrite.php(34): require_once('C:\\xampp\\htdocs...')
#7 {main}
CRITICAL - 2020-11-30 02:02:48 --> unlink(C:\xampp\htdocs\ussa\public/Uploads/profiles/): Permission denied
#0 [internal function]: CodeIgniter\Debug\Exceptions->errorHandler(2, 'unlink(C:\\xampp...', 'C:\\xampp\\htdocs...', 442, Array)
#1 C:\xampp\htdocs\ussa\app\Controllers\Admin.php(442): unlink('C:\\xampp\\htdocs...')
#2 C:\xampp\htdocs\ussa\vendor\codeigniter4\framework\system\CodeIgniter.php(918): App\Controllers\Admin->delete_user('9')
#3 C:\xampp\htdocs\ussa\vendor\codeigniter4\framework\system\CodeIgniter.php(404): CodeIgniter\CodeIgniter->runController(Object(App\Controllers\Admin))
#4 C:\xampp\htdocs\ussa\vendor\codeigniter4\framework\system\CodeIgniter.php(312): CodeIgniter\CodeIgniter->handleRequest(NULL, Object(Config\Cache), false)
#5 C:\xampp\htdocs\ussa\public\index.php(45): CodeIgniter\CodeIgniter->run()
#6 C:\xampp\htdocs\ussa\vendor\codeigniter4\framework\system\Commands\Server\rewrite.php(34): require_once('C:\\xampp\\htdocs...')
#7 {main}
CRITICAL - 2020-11-30 02:02:52 --> unlink(C:\xampp\htdocs\ussa\public/Uploads/profiles/): Permission denied
#0 [internal function]: CodeIgniter\Debug\Exceptions->errorHandler(2, 'unlink(C:\\xampp...', 'C:\\xampp\\htdocs...', 442, Array)
#1 C:\xampp\htdocs\ussa\app\Controllers\Admin.php(442): unlink('C:\\xampp\\htdocs...')
#2 C:\xampp\htdocs\ussa\vendor\codeigniter4\framework\system\CodeIgniter.php(918): App\Controllers\Admin->delete_user('9')
#3 C:\xampp\htdocs\ussa\vendor\codeigniter4\framework\system\CodeIgniter.php(404): CodeIgniter\CodeIgniter->runController(Object(App\Controllers\Admin))
#4 C:\xampp\htdocs\ussa\vendor\codeigniter4\framework\system\CodeIgniter.php(312): CodeIgniter\CodeIgniter->handleRequest(NULL, Object(Config\Cache), false)
#5 C:\xampp\htdocs\ussa\public\index.php(45): CodeIgniter\CodeIgniter->run()
#6 C:\xampp\htdocs\ussa\vendor\codeigniter4\framework\system\Commands\Server\rewrite.php(34): require_once('C:\\xampp\\htdocs...')
#7 {main}
CRITICAL - 2020-11-30 02:04:41 --> unlink(C:\xampp\htdocs\ussa\public/Uploads/profiles/): Permission denied
#0 [internal function]: CodeIgniter\Debug\Exceptions->errorHandler(2, 'unlink(C:\\xampp...', 'C:\\xampp\\htdocs...', 442, Array)
#1 C:\xampp\htdocs\ussa\app\Controllers\Admin.php(442): unlink('C:\\xampp\\htdocs...')
#2 C:\xampp\htdocs\ussa\vendor\codeigniter4\framework\system\CodeIgniter.php(918): App\Controllers\Admin->delete_user('11')
#3 C:\xampp\htdocs\ussa\vendor\codeigniter4\framework\system\CodeIgniter.php(404): CodeIgniter\CodeIgniter->runController(Object(App\Controllers\Admin))
#4 C:\xampp\htdocs\ussa\vendor\codeigniter4\framework\system\CodeIgniter.php(312): CodeIgniter\CodeIgniter->handleRequest(NULL, Object(Config\Cache), false)
#5 C:\xampp\htdocs\ussa\public\index.php(45): CodeIgniter\CodeIgniter->run()
#6 C:\xampp\htdocs\ussa\vendor\codeigniter4\framework\system\Commands\Server\rewrite.php(34): require_once('C:\\xampp\\htdocs...')
#7 {main}
CRITICAL - 2020-11-30 03:46:51 --> Call to a member function findAll() on null
#0 C:\xampp\htdocs\ussa\vendor\codeigniter4\framework\system\CodeIgniter.php(918): App\Controllers\Admin->export_csv()
#1 C:\xampp\htdocs\ussa\vendor\codeigniter4\framework\system\CodeIgniter.php(404): CodeIgniter\CodeIgniter->runController(Object(App\Controllers\Admin))
#2 C:\xampp\htdocs\ussa\vendor\codeigniter4\framework\system\CodeIgniter.php(312): CodeIgniter\CodeIgniter->handleRequest(NULL, Object(Config\Cache), false)
#3 C:\xampp\htdocs\ussa\public\index.php(45): CodeIgniter\CodeIgniter->run()
#4 C:\xampp\htdocs\ussa\vendor\codeigniter4\framework\system\Commands\Server\rewrite.php(34): require_once('C:\\xampp\\htdocs...')
#5 {main}
CRITICAL - 2020-11-30 03:46:52 --> Call to a member function findAll() on null
#0 C:\xampp\htdocs\ussa\vendor\codeigniter4\framework\system\CodeIgniter.php(918): App\Controllers\Admin->export_csv()
#1 C:\xampp\htdocs\ussa\vendor\codeigniter4\framework\system\CodeIgniter.php(404): CodeIgniter\CodeIgniter->runController(Object(App\Controllers\Admin))
#2 C:\xampp\htdocs\ussa\vendor\codeigniter4\framework\system\CodeIgniter.php(312): CodeIgniter\CodeIgniter->handleRequest(NULL, Object(Config\Cache), false)
#3 C:\xampp\htdocs\ussa\public\index.php(45): CodeIgniter\CodeIgniter->run()
#4 C:\xampp\htdocs\ussa\vendor\codeigniter4\framework\system\Commands\Server\rewrite.php(34): require_once('C:\\xampp\\htdocs...')
#5 {main}
CRITICAL - 2020-11-30 03:47:03 --> Call to a member function findAll() on null
#0 C:\xampp\htdocs\ussa\vendor\codeigniter4\framework\system\CodeIgniter.php(918): App\Controllers\Admin->export_csv()
#1 C:\xampp\htdocs\ussa\vendor\codeigniter4\framework\system\CodeIgniter.php(404): CodeIgniter\CodeIgniter->runController(Object(App\Controllers\Admin))
#2 C:\xampp\htdocs\ussa\vendor\codeigniter4\framework\system\CodeIgniter.php(312): CodeIgniter\CodeIgniter->handleRequest(NULL, Object(Config\Cache), false)
#3 C:\xampp\htdocs\ussa\public\index.php(45): CodeIgniter\CodeIgniter->run()
#4 C:\xampp\htdocs\ussa\vendor\codeigniter4\framework\system\Commands\Server\rewrite.php(34): require_once('C:\\xampp\\htdocs...')
#5 {main}
CRITICAL - 2020-11-30 03:47:05 --> Call to a member function findAll() on null
#0 C:\xampp\htdocs\ussa\vendor\codeigniter4\framework\system\CodeIgniter.php(918): App\Controllers\Admin->export_csv()
#1 C:\xampp\htdocs\ussa\vendor\codeigniter4\framework\system\CodeIgniter.php(404): CodeIgniter\CodeIgniter->runController(Object(App\Controllers\Admin))
#2 C:\xampp\htdocs\ussa\vendor\codeigniter4\framework\system\CodeIgniter.php(312): CodeIgniter\CodeIgniter->handleRequest(NULL, Object(Config\Cache), false)
#3 C:\xampp\htdocs\ussa\public\index.php(45): CodeIgniter\CodeIgniter->run()
#4 C:\xampp\htdocs\ussa\vendor\codeigniter4\framework\system\Commands\Server\rewrite.php(34): require_once('C:\\xampp\\htdocs...')
#5 {main}
CRITICAL - 2020-11-30 03:47:37 --> Call to a member function findAll() on null
#0 C:\xampp\htdocs\ussa\vendor\codeigniter4\framework\system\CodeIgniter.php(918): App\Controllers\Admin->export_csv()
#1 C:\xampp\htdocs\ussa\vendor\codeigniter4\framework\system\CodeIgniter.php(404): CodeIgniter\CodeIgniter->runController(Object(App\Controllers\Admin))
#2 C:\xampp\htdocs\ussa\vendor\codeigniter4\framework\system\CodeIgniter.php(312): CodeIgniter\CodeIgniter->handleRequest(NULL, Object(Config\Cache), false)
#3 C:\xampp\htdocs\ussa\public\index.php(45): CodeIgniter\CodeIgniter->run()
#4 C:\xampp\htdocs\ussa\vendor\codeigniter4\framework\system\Commands\Server\rewrite.php(34): require_once('C:\\xampp\\htdocs...')
#5 {main}
CRITICAL - 2020-11-30 03:47:38 --> Call to a member function findAll() on null
#0 C:\xampp\htdocs\ussa\vendor\codeigniter4\framework\system\CodeIgniter.php(918): App\Controllers\Admin->export_csv()
#1 C:\xampp\htdocs\ussa\vendor\codeigniter4\framework\system\CodeIgniter.php(404): CodeIgniter\CodeIgniter->runController(Object(App\Controllers\Admin))
#2 C:\xampp\htdocs\ussa\vendor\codeigniter4\framework\system\CodeIgniter.php(312): CodeIgniter\CodeIgniter->handleRequest(NULL, Object(Config\Cache), false)
#3 C:\xampp\htdocs\ussa\public\index.php(45): CodeIgniter\CodeIgniter->run()
#4 C:\xampp\htdocs\ussa\vendor\codeigniter4\framework\system\Commands\Server\rewrite.php(34): require_once('C:\\xampp\\htdocs...')
#5 {main}
CRITICAL - 2020-11-30 03:47:54 --> Call to a member function findAll() on null
#0 C:\xampp\htdocs\ussa\vendor\codeigniter4\framework\system\CodeIgniter.php(918): App\Controllers\Admin->export_csv()
#1 C:\xampp\htdocs\ussa\vendor\codeigniter4\framework\system\CodeIgniter.php(404): CodeIgniter\CodeIgniter->runController(Object(App\Controllers\Admin))
#2 C:\xampp\htdocs\ussa\vendor\codeigniter4\framework\system\CodeIgniter.php(312): CodeIgniter\CodeIgniter->handleRequest(NULL, Object(Config\Cache), false)
#3 C:\xampp\htdocs\ussa\public\index.php(45): CodeIgniter\CodeIgniter->run()
#4 C:\xampp\htdocs\ussa\vendor\codeigniter4\framework\system\Commands\Server\rewrite.php(34): require_once('C:\\xampp\\htdocs...')
#5 {main}
CRITICAL - 2020-11-30 03:47:55 --> Call to a member function findAll() on null
#0 C:\xampp\htdocs\ussa\vendor\codeigniter4\framework\system\CodeIgniter.php(918): App\Controllers\Admin->export_csv()
#1 C:\xampp\htdocs\ussa\vendor\codeigniter4\framework\system\CodeIgniter.php(404): CodeIgniter\CodeIgniter->runController(Object(App\Controllers\Admin))
#2 C:\xampp\htdocs\ussa\vendor\codeigniter4\framework\system\CodeIgniter.php(312): CodeIgniter\CodeIgniter->handleRequest(NULL, Object(Config\Cache), false)
#3 C:\xampp\htdocs\ussa\public\index.php(45): CodeIgniter\CodeIgniter->run()
#4 C:\xampp\htdocs\ussa\vendor\codeigniter4\framework\system\Commands\Server\rewrite.php(34): require_once('C:\\xampp\\htdocs...')
#5 {main}
CRITICAL - 2020-11-30 09:28:25 --> syntax error, unexpected ')'
#0 C:\xampp\htdocs\ussa\vendor\codeigniter4\framework\system\Router\Router.php(195): CodeIgniter\Router\Router->autoRoute('Admin/Update_po...')
#1 C:\xampp\htdocs\ussa\vendor\codeigniter4\framework\system\CodeIgniter.php(793): CodeIgniter\Router\Router->handle('Admin/Update_po...')
#2 C:\xampp\htdocs\ussa\vendor\codeigniter4\framework\system\CodeIgniter.php(364): CodeIgniter\CodeIgniter->tryToRouteIt(Object(CodeIgniter\Router\RouteCollection))
#3 C:\xampp\htdocs\ussa\vendor\codeigniter4\framework\system\CodeIgniter.php(312): CodeIgniter\CodeIgniter->handleRequest(NULL, Object(Config\Cache), false)
#4 C:\xampp\htdocs\ussa\public\index.php(45): CodeIgniter\CodeIgniter->run()
#5 C:\xampp\htdocs\ussa\vendor\codeigniter4\framework\system\Commands\Server\rewrite.php(34): require_once('C:\\xampp\\htdocs...')
#6 {main}
CRITICAL - 2020-11-30 10:02:06 --> The original file is not a valid file.
#0 C:\xampp\htdocs\ussa\vendor\codeigniter4\framework\system\HTTP\Files\UploadedFile.php(172): CodeIgniter\HTTP\Exceptions\HTTPException::forInvalidFile()
#1 C:\xampp\htdocs\ussa\app\Controllers\Admin.php(381): CodeIgniter\HTTP\Files\UploadedFile->move('C:\\xampp\\htdocs...', NULL)
#2 C:\xampp\htdocs\ussa\vendor\codeigniter4\framework\system\CodeIgniter.php(918): App\Controllers\Admin->create_post()
#3 C:\xampp\htdocs\ussa\vendor\codeigniter4\framework\system\CodeIgniter.php(404): CodeIgniter\CodeIgniter->runController(Object(App\Controllers\Admin))
#4 C:\xampp\htdocs\ussa\vendor\codeigniter4\framework\system\CodeIgniter.php(312): CodeIgniter\CodeIgniter->handleRequest(NULL, Object(Config\Cache), false)
#5 C:\xampp\htdocs\ussa\public\index.php(45): CodeIgniter\CodeIgniter->run()
#6 C:\xampp\htdocs\ussa\vendor\codeigniter4\framework\system\Commands\Server\rewrite.php(34): require_once('C:\\xampp\\htdocs...')
#7 {main}
CRITICAL - 2020-11-30 11:01:27 --> Too few arguments to function App\Controllers\Admin::Update_post(), 0 passed in C:\xampp\htdocs\ussa\vendor\codeigniter4\framework\system\CodeIgniter.php on line 918 and exactly 1 expected
#0 C:\xampp\htdocs\ussa\vendor\codeigniter4\framework\system\CodeIgniter.php(918): App\Controllers\Admin->Update_post()
#1 C:\xampp\htdocs\ussa\vendor\codeigniter4\framework\system\CodeIgniter.php(404): CodeIgniter\CodeIgniter->runController(Object(App\Controllers\Admin))
#2 C:\xampp\htdocs\ussa\vendor\codeigniter4\framework\system\CodeIgniter.php(312): CodeIgniter\CodeIgniter->handleRequest(NULL, Object(Config\Cache), false)
#3 C:\xampp\htdocs\ussa\public\index.php(45): CodeIgniter\CodeIgniter->run()
#4 C:\xampp\htdocs\ussa\vendor\codeigniter4\framework\system\Commands\Server\rewrite.php(34): require_once('C:\\xampp\\htdocs...')
#5 {main}
CRITICAL - 2020-11-30 11:01:49 --> Call to a member function getName() on null
#0 C:\xampp\htdocs\ussa\vendor\codeigniter4\framework\system\CodeIgniter.php(918): App\Controllers\Admin->Update_post('9')
#1 C:\xampp\htdocs\ussa\vendor\codeigniter4\framework\system\CodeIgniter.php(404): CodeIgniter\CodeIgniter->runController(Object(App\Controllers\Admin))
#2 C:\xampp\htdocs\ussa\vendor\codeigniter4\framework\system\CodeIgniter.php(312): CodeIgniter\CodeIgniter->handleRequest(NULL, Object(Config\Cache), false)
#3 C:\xampp\htdocs\ussa\public\index.php(45): CodeIgniter\CodeIgniter->run()
#4 C:\xampp\htdocs\ussa\vendor\codeigniter4\framework\system\Commands\Server\rewrite.php(34): require_once('C:\\xampp\\htdocs...')
#5 {main}
CRITICAL - 2020-11-30 11:02:13 --> Call to a member function getName() on null
#0 C:\xampp\htdocs\ussa\vendor\codeigniter4\framework\system\CodeIgniter.php(918): App\Controllers\Admin->Update_post('9')
#1 C:\xampp\htdocs\ussa\vendor\codeigniter4\framework\system\CodeIgniter.php(404): CodeIgniter\CodeIgniter->runController(Object(App\Controllers\Admin))
#2 C:\xampp\htdocs\ussa\vendor\codeigniter4\framework\system\CodeIgniter.php(312): CodeIgniter\CodeIgniter->handleRequest(NULL, Object(Config\Cache), false)
#3 C:\xampp\htdocs\ussa\public\index.php(45): CodeIgniter\CodeIgniter->run()
#4 C:\xampp\htdocs\ussa\vendor\codeigniter4\framework\system\Commands\Server\rewrite.php(34): require_once('C:\\xampp\\htdocs...')
#5 {main}
CRITICAL - 2020-11-30 11:03:04 --> Too few arguments to function App\Controllers\Admin::Update_post(), 0 passed in C:\xampp\htdocs\ussa\vendor\codeigniter4\framework\system\CodeIgniter.php on line 918 and exactly 1 expected
#0 C:\xampp\htdocs\ussa\vendor\codeigniter4\framework\system\CodeIgniter.php(918): App\Controllers\Admin->Update_post()
#1 C:\xampp\htdocs\ussa\vendor\codeigniter4\framework\system\CodeIgniter.php(404): CodeIgniter\CodeIgniter->runController(Object(App\Controllers\Admin))
#2 C:\xampp\htdocs\ussa\vendor\codeigniter4\framework\system\CodeIgniter.php(312): CodeIgniter\CodeIgniter->handleRequest(NULL, Object(Config\Cache), false)
#3 C:\xampp\htdocs\ussa\public\index.php(45): CodeIgniter\CodeIgniter->run()
#4 C:\xampp\htdocs\ussa\vendor\codeigniter4\framework\system\Commands\Server\rewrite.php(34): require_once('C:\\xampp\\htdocs...')
#5 {main}
CRITICAL - 2020-11-30 11:03:26 --> Too few arguments to function App\Controllers\Admin::Update_post(), 0 passed in C:\xampp\htdocs\ussa\vendor\codeigniter4\framework\system\CodeIgniter.php on line 918 and exactly 1 expected
#0 C:\xampp\htdocs\ussa\vendor\codeigniter4\framework\system\CodeIgniter.php(918): App\Controllers\Admin->Update_post()
#1 C:\xampp\htdocs\ussa\vendor\codeigniter4\framework\system\CodeIgniter.php(404): CodeIgniter\CodeIgniter->runController(Object(App\Controllers\Admin))
#2 C:\xampp\htdocs\ussa\vendor\codeigniter4\framework\system\CodeIgniter.php(312): CodeIgniter\CodeIgniter->handleRequest(NULL, Object(Config\Cache), false)
#3 C:\xampp\htdocs\ussa\public\index.php(45): CodeIgniter\CodeIgniter->run()
#4 C:\xampp\htdocs\ussa\vendor\codeigniter4\framework\system\Commands\Server\rewrite.php(34): require_once('C:\\xampp\\htdocs...')
#5 {main}
CRITICAL - 2020-11-30 11:05:17 --> Too few arguments to function App\Controllers\Admin::Update_post(), 0 passed in C:\xampp\htdocs\ussa\vendor\codeigniter4\framework\system\CodeIgniter.php on line 918 and exactly 1 expected
#0 C:\xampp\htdocs\ussa\vendor\codeigniter4\framework\system\CodeIgniter.php(918): App\Controllers\Admin->Update_post()
#1 C:\xampp\htdocs\ussa\vendor\codeigniter4\framework\system\CodeIgniter.php(404): CodeIgniter\CodeIgniter->runController(Object(App\Controllers\Admin))
#2 C:\xampp\htdocs\ussa\vendor\codeigniter4\framework\system\CodeIgniter.php(312): CodeIgniter\CodeIgniter->handleRequest(NULL, Object(Config\Cache), false)
#3 C:\xampp\htdocs\ussa\public\index.php(45): CodeIgniter\CodeIgniter->run()
#4 C:\xampp\htdocs\ussa\vendor\codeigniter4\framework\system\Commands\Server\rewrite.php(34): require_once('C:\\xampp\\htdocs...')
#5 {main}
CRITICAL - 2020-11-30 11:05:59 --> Too few arguments to function App\Controllers\Admin::Update_post(), 0 passed in C:\xampp\htdocs\ussa\vendor\codeigniter4\framework\system\CodeIgniter.php on line 918 and exactly 1 expected
#0 C:\xampp\htdocs\ussa\vendor\codeigniter4\framework\system\CodeIgniter.php(918): App\Controllers\Admin->Update_post()
#1 C:\xampp\htdocs\ussa\vendor\codeigniter4\framework\system\CodeIgniter.php(404): CodeIgniter\CodeIgniter->runController(Object(App\Controllers\Admin))
#2 C:\xampp\htdocs\ussa\vendor\codeigniter4\framework\system\CodeIgniter.php(312): CodeIgniter\CodeIgniter->handleRequest(NULL, Object(Config\Cache), false)
#3 C:\xampp\htdocs\ussa\public\index.php(45): CodeIgniter\CodeIgniter->run()
#4 C:\xampp\htdocs\ussa\vendor\codeigniter4\framework\system\Commands\Server\rewrite.php(34): require_once('C:\\xampp\\htdocs...')
#5 {main}
CRITICAL - 2020-11-30 11:06:25 --> Too few arguments to function App\Controllers\Admin::Update_post(), 0 passed in C:\xampp\htdocs\ussa\vendor\codeigniter4\framework\system\CodeIgniter.php on line 918 and exactly 1 expected
#0 C:\xampp\htdocs\ussa\vendor\codeigniter4\framework\system\CodeIgniter.php(918): App\Controllers\Admin->Update_post()
#1 C:\xampp\htdocs\ussa\vendor\codeigniter4\framework\system\CodeIgniter.php(404): CodeIgniter\CodeIgniter->runController(Object(App\Controllers\Admin))
#2 C:\xampp\htdocs\ussa\vendor\codeigniter4\framework\system\CodeIgniter.php(312): CodeIgniter\CodeIgniter->handleRequest(NULL, Object(Config\Cache), false)
#3 C:\xampp\htdocs\ussa\public\index.php(45): CodeIgniter\CodeIgniter->run()
#4 C:\xampp\htdocs\ussa\vendor\codeigniter4\framework\system\Commands\Server\rewrite.php(34): require_once('C:\\xampp\\htdocs...')
#5 {main}
CRITICAL - 2020-11-30 11:09:44 --> Too few arguments to function App\Controllers\Admin::Update_post(), 0 passed in C:\xampp\htdocs\ussa\vendor\codeigniter4\framework\system\CodeIgniter.php on line 918 and exactly 1 expected
#0 C:\xampp\htdocs\ussa\vendor\codeigniter4\framework\system\CodeIgniter.php(918): App\Controllers\Admin->Update_post()
#1 C:\xampp\htdocs\ussa\vendor\codeigniter4\framework\system\CodeIgniter.php(404): CodeIgniter\CodeIgniter->runController(Object(App\Controllers\Admin))
#2 C:\xampp\htdocs\ussa\vendor\codeigniter4\framework\system\CodeIgniter.php(312): CodeIgniter\CodeIgniter->handleRequest(NULL, Object(Config\Cache), false)
#3 C:\xampp\htdocs\ussa\public\index.php(45): CodeIgniter\CodeIgniter->run()
#4 C:\xampp\htdocs\ussa\vendor\codeigniter4\framework\system\Commands\Server\rewrite.php(34): require_once('C:\\xampp\\htdocs...')
#5 {main}
CRITICAL - 2020-11-30 11:28:48 --> Too few arguments to function App\Controllers\Admin::Update_post(), 0 passed in C:\xampp\htdocs\ussa\vendor\codeigniter4\framework\system\CodeIgniter.php on line 918 and exactly 1 expected
#0 C:\xampp\htdocs\ussa\vendor\codeigniter4\framework\system\CodeIgniter.php(918): App\Controllers\Admin->Update_post()
#1 C:\xampp\htdocs\ussa\vendor\codeigniter4\framework\system\CodeIgniter.php(404): CodeIgniter\CodeIgniter->runController(Object(App\Controllers\Admin))
#2 C:\xampp\htdocs\ussa\vendor\codeigniter4\framework\system\CodeIgniter.php(312): CodeIgniter\CodeIgniter->handleRequest(NULL, Object(Config\Cache), false)
#3 C:\xampp\htdocs\ussa\public\index.php(45): CodeIgniter\CodeIgniter->run()
#4 C:\xampp\htdocs\ussa\vendor\codeigniter4\framework\system\Commands\Server\rewrite.php(34): require_once('C:\\xampp\\htdocs...')
#5 {main}
CRITICAL - 2020-11-30 11:39:12 --> unlink(C:\xampp\htdocs\ussa\public/Uploads/post-uploads/): Permission denied
#0 [internal function]: CodeIgniter\Debug\Exceptions->errorHandler(2, 'unlink(C:\\xampp...', 'C:\\xampp\\htdocs...', 474, Array)
#1 C:\xampp\htdocs\ussa\app\Controllers\Admin.php(474): unlink('C:\\xampp\\htdocs...')
#2 C:\xampp\htdocs\ussa\vendor\codeigniter4\framework\system\CodeIgniter.php(918): App\Controllers\Admin->delete_post('8')
#3 C:\xampp\htdocs\ussa\vendor\codeigniter4\framework\system\CodeIgniter.php(404): CodeIgniter\CodeIgniter->runController(Object(App\Controllers\Admin))
#4 C:\xampp\htdocs\ussa\vendor\codeigniter4\framework\system\CodeIgniter.php(312): CodeIgniter\CodeIgniter->handleRequest(NULL, Object(Config\Cache), false)
#5 C:\xampp\htdocs\ussa\public\index.php(45): CodeIgniter\CodeIgniter->run()
#6 C:\xampp\htdocs\ussa\vendor\codeigniter4\framework\system\Commands\Server\rewrite.php(34): require_once('C:\\xampp\\htdocs...')
#7 {main}
CRITICAL - 2020-11-30 13:25:58 --> Call to undefined method App\Models\Posts::count
#0 C:\xampp\htdocs\ussa\app\Controllers\Admin.php(152): CodeIgniter\Model->__call('count', Array)
#1 C:\xampp\htdocs\ussa\vendor\codeigniter4\framework\system\CodeIgniter.php(918): App\Controllers\Admin->data()
#2 C:\xampp\htdocs\ussa\vendor\codeigniter4\framework\system\CodeIgniter.php(404): CodeIgniter\CodeIgniter->runController(Object(App\Controllers\Admin))
#3 C:\xampp\htdocs\ussa\vendor\codeigniter4\framework\system\CodeIgniter.php(312): CodeIgniter\CodeIgniter->handleRequest(NULL, Object(Config\Cache), false)
#4 C:\xampp\htdocs\ussa\public\index.php(45): CodeIgniter\CodeIgniter->run()
#5 C:\xampp\htdocs\ussa\vendor\codeigniter4\framework\system\Commands\Server\rewrite.php(34): require_once('C:\\xampp\\htdocs...')
#6 {main}
CRITICAL - 2020-11-30 13:26:05 --> Call to undefined method App\Models\Posts::count
#0 C:\xampp\htdocs\ussa\app\Controllers\Admin.php(152): CodeIgniter\Model->__call('count', Array)
#1 C:\xampp\htdocs\ussa\vendor\codeigniter4\framework\system\CodeIgniter.php(918): App\Controllers\Admin->data()
#2 C:\xampp\htdocs\ussa\vendor\codeigniter4\framework\system\CodeIgniter.php(404): CodeIgniter\CodeIgniter->runController(Object(App\Controllers\Admin))
#3 C:\xampp\htdocs\ussa\vendor\codeigniter4\framework\system\CodeIgniter.php(312): CodeIgniter\CodeIgniter->handleRequest(NULL, Object(Config\Cache), false)
#4 C:\xampp\htdocs\ussa\public\index.php(45): CodeIgniter\CodeIgniter->run()
#5 C:\xampp\htdocs\ussa\vendor\codeigniter4\framework\system\Commands\Server\rewrite.php(34): require_once('C:\\xampp\\htdocs...')
#6 {main}
CRITICAL - 2020-11-30 13:26:08 --> Call to undefined method App\Models\Posts::count
#0 C:\xampp\htdocs\ussa\app\Controllers\Admin.php(152): CodeIgniter\Model->__call('count', Array)
#1 C:\xampp\htdocs\ussa\vendor\codeigniter4\framework\system\CodeIgniter.php(918): App\Controllers\Admin->data()
#2 C:\xampp\htdocs\ussa\vendor\codeigniter4\framework\system\CodeIgniter.php(404): CodeIgniter\CodeIgniter->runController(Object(App\Controllers\Admin))
#3 C:\xampp\htdocs\ussa\vendor\codeigniter4\framework\system\CodeIgniter.php(312): CodeIgniter\CodeIgniter->handleRequest(NULL, Object(Config\Cache), false)
#4 C:\xampp\htdocs\ussa\public\index.php(45): CodeIgniter\CodeIgniter->run()
#5 C:\xampp\htdocs\ussa\vendor\codeigniter4\framework\system\Commands\Server\rewrite.php(34): require_once('C:\\xampp\\htdocs...')
#6 {main}
CRITICAL - 2020-11-30 13:41:31 --> Call to a member function getFieldCount() on array
#0 C:\xampp\htdocs\ussa\vendor\codeigniter4\framework\system\CodeIgniter.php(918): App\Controllers\Admin->data()
#1 C:\xampp\htdocs\ussa\vendor\codeigniter4\framework\system\CodeIgniter.php(404): CodeIgniter\CodeIgniter->runController(Object(App\Controllers\Admin))
#2 C:\xampp\htdocs\ussa\vendor\codeigniter4\framework\system\CodeIgniter.php(312): CodeIgniter\CodeIgniter->handleRequest(NULL, Object(Config\Cache), false)
#3 C:\xampp\htdocs\ussa\public\index.php(45): CodeIgniter\CodeIgniter->run()
#4 C:\xampp\htdocs\ussa\vendor\codeigniter4\framework\system\Commands\Server\rewrite.php(34): require_once('C:\\xampp\\htdocs...')
#5 {main}
CRITICAL - 2020-11-30 13:41:44 --> Call to a member function getFieldCount() on array
#0 C:\xampp\htdocs\ussa\vendor\codeigniter4\framework\system\CodeIgniter.php(918): App\Controllers\Admin->data()
#1 C:\xampp\htdocs\ussa\vendor\codeigniter4\framework\system\CodeIgniter.php(404): CodeIgniter\CodeIgniter->runController(Object(App\Controllers\Admin))
#2 C:\xampp\htdocs\ussa\vendor\codeigniter4\framework\system\CodeIgniter.php(312): CodeIgniter\CodeIgniter->handleRequest(NULL, Object(Config\Cache), false)
#3 C:\xampp\htdocs\ussa\public\index.php(45): CodeIgniter\CodeIgniter->run()
#4 C:\xampp\htdocs\ussa\vendor\codeigniter4\framework\system\Commands\Server\rewrite.php(34): require_once('C:\\xampp\\htdocs...')
#5 {main}
CRITICAL - 2020-11-30 13:41:53 --> Call to a member function getFieldCount() on array
#0 C:\xampp\htdocs\ussa\vendor\codeigniter4\framework\system\CodeIgniter.php(918): App\Controllers\Admin->data()
#1 C:\xampp\htdocs\ussa\vendor\codeigniter4\framework\system\CodeIgniter.php(404): CodeIgniter\CodeIgniter->runController(Object(App\Controllers\Admin))
#2 C:\xampp\htdocs\ussa\vendor\codeigniter4\framework\system\CodeIgniter.php(312): CodeIgniter\CodeIgniter->handleRequest(NULL, Object(Config\Cache), false)
#3 C:\xampp\htdocs\ussa\public\index.php(45): CodeIgniter\CodeIgniter->run()
#4 C:\xampp\htdocs\ussa\vendor\codeigniter4\framework\system\Commands\Server\rewrite.php(34): require_once('C:\\xampp\\htdocs...')
#5 {main}
CRITICAL - 2020-11-30 13:41:54 --> Call to a member function getFieldCount() on array
#0 C:\xampp\htdocs\ussa\vendor\codeigniter4\framework\system\CodeIgniter.php(918): App\Controllers\Admin->data()
#1 C:\xampp\htdocs\ussa\vendor\codeigniter4\framework\system\CodeIgniter.php(404): CodeIgniter\CodeIgniter->runController(Object(App\Controllers\Admin))
#2 C:\xampp\htdocs\ussa\vendor\codeigniter4\framework\system\CodeIgniter.php(312): CodeIgniter\CodeIgniter->handleRequest(NULL, Object(Config\Cache), false)
#3 C:\xampp\htdocs\ussa\public\index.php(45): CodeIgniter\CodeIgniter->run()
#4 C:\xampp\htdocs\ussa\vendor\codeigniter4\framework\system\Commands\Server\rewrite.php(34): require_once('C:\\xampp\\htdocs...')
#5 {main}
CRITICAL - 2020-11-30 13:41:54 --> Call to a member function getFieldCount() on array
#0 C:\xampp\htdocs\ussa\vendor\codeigniter4\framework\system\CodeIgniter.php(918): App\Controllers\Admin->data()
#1 C:\xampp\htdocs\ussa\vendor\codeigniter4\framework\system\CodeIgniter.php(404): CodeIgniter\CodeIgniter->runController(Object(App\Controllers\Admin))
#2 C:\xampp\htdocs\ussa\vendor\codeigniter4\framework\system\CodeIgniter.php(312): CodeIgniter\CodeIgniter->handleRequest(NULL, Object(Config\Cache), false)
#3 C:\xampp\htdocs\ussa\public\index.php(45): CodeIgniter\CodeIgniter->run()
#4 C:\xampp\htdocs\ussa\vendor\codeigniter4\framework\system\Commands\Server\rewrite.php(34): require_once('C:\\xampp\\htdocs...')
#5 {main}
CRITICAL - 2020-11-30 13:42:51 --> Call to a member function countAll() on array
#0 C:\xampp\htdocs\ussa\vendor\codeigniter4\framework\system\CodeIgniter.php(918): App\Controllers\Admin->data()
#1 C:\xampp\htdocs\ussa\vendor\codeigniter4\framework\system\CodeIgniter.php(404): CodeIgniter\CodeIgniter->runController(Object(App\Controllers\Admin))
#2 C:\xampp\htdocs\ussa\vendor\codeigniter4\framework\system\CodeIgniter.php(312): CodeIgniter\CodeIgniter->handleRequest(NULL, Object(Config\Cache), false)
#3 C:\xampp\htdocs\ussa\public\index.php(45): CodeIgniter\CodeIgniter->run()
#4 C:\xampp\htdocs\ussa\vendor\codeigniter4\framework\system\Commands\Server\rewrite.php(34): require_once('C:\\xampp\\htdocs...')
#5 {main}
CRITICAL - 2020-11-30 13:43:00 --> Call to a member function get() on array
#0 C:\xampp\htdocs\ussa\vendor\codeigniter4\framework\system\CodeIgniter.php(918): App\Controllers\Admin->data()
#1 C:\xampp\htdocs\ussa\vendor\codeigniter4\framework\system\CodeIgniter.php(404): CodeIgniter\CodeIgniter->runController(Object(App\Controllers\Admin))
#2 C:\xampp\htdocs\ussa\vendor\codeigniter4\framework\system\CodeIgniter.php(312): CodeIgniter\CodeIgniter->handleRequest(NULL, Object(Config\Cache), false)
#3 C:\xampp\htdocs\ussa\public\index.php(45): CodeIgniter\CodeIgniter->run()
#4 C:\xampp\htdocs\ussa\vendor\codeigniter4\framework\system\Commands\Server\rewrite.php(34): require_once('C:\\xampp\\htdocs...')
#5 {main}
CRITICAL - 2020-11-30 13:43:11 --> Object of class CodeIgniter\Database\MySQLi\Result could not be converted to string
#0 C:\xampp\htdocs\ussa\app\Controllers\Admin.php(152): CodeIgniter\Debug\Exceptions->errorHandler(4096, 'Object of class...', 'C:\\xampp\\htdocs...', 152, Array)
#1 C:\xampp\htdocs\ussa\vendor\codeigniter4\framework\system\CodeIgniter.php(918): App\Controllers\Admin->data()
#2 C:\xampp\htdocs\ussa\vendor\codeigniter4\framework\system\CodeIgniter.php(404): CodeIgniter\CodeIgniter->runController(Object(App\Controllers\Admin))
#3 C:\xampp\htdocs\ussa\vendor\codeigniter4\framework\system\CodeIgniter.php(312): CodeIgniter\CodeIgniter->handleRequest(NULL, Object(Config\Cache), false)
#4 C:\xampp\htdocs\ussa\public\index.php(45): CodeIgniter\CodeIgniter->run()
#5 C:\xampp\htdocs\ussa\vendor\codeigniter4\framework\system\Commands\Server\rewrite.php(34): require_once('C:\\xampp\\htdocs...')
#6 {main}
CRITICAL - 2020-11-30 13:44:13 --> Use of undefined constant affected_rows - assumed 'affected_rows' (this will throw an Error in a future version of PHP)
#0 C:\xampp\htdocs\ussa\app\Controllers\Admin.php(154): CodeIgniter\Debug\Exceptions->errorHandler(2, 'Use of undefine...', 'C:\\xampp\\htdocs...', 154, Array)
#1 C:\xampp\htdocs\ussa\vendor\codeigniter4\framework\system\CodeIgniter.php(918): App\Controllers\Admin->data()
#2 C:\xampp\htdocs\ussa\vendor\codeigniter4\framework\system\CodeIgniter.php(404): CodeIgniter\CodeIgniter->runController(Object(App\Controllers\Admin))
#3 C:\xampp\htdocs\ussa\vendor\codeigniter4\framework\system\CodeIgniter.php(312): CodeIgniter\CodeIgniter->handleRequest(NULL, Object(Config\Cache), false)
#4 C:\xampp\htdocs\ussa\public\index.php(45): CodeIgniter\CodeIgniter->run()
#5 C:\xampp\htdocs\ussa\vendor\codeigniter4\framework\system\Commands\Server\rewrite.php(34): require_once('C:\\xampp\\htdocs...')
#6 {main}
CRITICAL - 2020-11-30 13:44:21 --> Cannot use object of type CodeIgniter\Database\MySQLi\Result as array
#0 C:\xampp\htdocs\ussa\vendor\codeigniter4\framework\system\CodeIgniter.php(918): App\Controllers\Admin->data()
#1 C:\xampp\htdocs\ussa\vendor\codeigniter4\framework\system\CodeIgniter.php(404): CodeIgniter\CodeIgniter->runController(Object(App\Controllers\Admin))
#2 C:\xampp\htdocs\ussa\vendor\codeigniter4\framework\system\CodeIgniter.php(312): CodeIgniter\CodeIgniter->handleRequest(NULL, Object(Config\Cache), false)
#3 C:\xampp\htdocs\ussa\public\index.php(45): CodeIgniter\CodeIgniter->run()
#4 C:\xampp\htdocs\ussa\vendor\codeigniter4\framework\system\Commands\Server\rewrite.php(34): require_once('C:\\xampp\\htdocs...')
#5 {main}
CRITICAL - 2020-11-30 13:44:22 --> Cannot use object of type CodeIgniter\Database\MySQLi\Result as array
#0 C:\xampp\htdocs\ussa\vendor\codeigniter4\framework\system\CodeIgniter.php(918): App\Controllers\Admin->data()
#1 C:\xampp\htdocs\ussa\vendor\codeigniter4\framework\system\CodeIgniter.php(404): CodeIgniter\CodeIgniter->runController(Object(App\Controllers\Admin))
#2 C:\xampp\htdocs\ussa\vendor\codeigniter4\framework\system\CodeIgniter.php(312): CodeIgniter\CodeIgniter->handleRequest(NULL, Object(Config\Cache), false)
#3 C:\xampp\htdocs\ussa\public\index.php(45): CodeIgniter\CodeIgniter->run()
#4 C:\xampp\htdocs\ussa\vendor\codeigniter4\framework\system\Commands\Server\rewrite.php(34): require_once('C:\\xampp\\htdocs...')
#5 {main}
CRITICAL - 2020-11-30 20:04:41 --> Unable to connect to the database.
#0 C:\xampp\htdocs\ussa\vendor\codeigniter4\framework\system\Database\BaseConnection.php(646): CodeIgniter\Database\BaseConnection->initialize()
#1 C:\xampp\htdocs\ussa\vendor\codeigniter4\framework\system\Database\BaseBuilder.php(1860): CodeIgniter\Database\BaseConnection->query('SELECT *\nFROM `...', Array, false)
#2 C:\xampp\htdocs\ussa\vendor\codeigniter4\framework\system\Model.php(506): CodeIgniter\Database\BaseBuilder->get()
#3 C:\xampp\htdocs\ussa\app\Controllers\Admin.php(89): CodeIgniter\Model->first()
#4 C:\xampp\htdocs\ussa\vendor\codeigniter4\framework\system\CodeIgniter.php(918): App\Controllers\Admin->login()
#5 C:\xampp\htdocs\ussa\vendor\codeigniter4\framework\system\CodeIgniter.php(404): CodeIgniter\CodeIgniter->runController(Object(App\Controllers\Admin))
#6 C:\xampp\htdocs\ussa\vendor\codeigniter4\framework\system\CodeIgniter.php(312): CodeIgniter\CodeIgniter->handleRequest(NULL, Object(Config\Cache), false)
#7 C:\xampp\htdocs\ussa\public\index.php(45): CodeIgniter\CodeIgniter->run()
#8 C:\xampp\htdocs\ussa\vendor\codeigniter4\framework\system\Commands\Server\rewrite.php(34): require_once('C:\\xampp\\htdocs...')
#9 {main}
CRITICAL - 2020-11-30 20:13:19 --> Call to undefined method CodeIgniter\Database\MySQLi\Result::num_rows()
#0 C:\xampp\htdocs\ussa\vendor\codeigniter4\framework\system\CodeIgniter.php(918): App\Controllers\Admin->data()
#1 C:\xampp\htdocs\ussa\vendor\codeigniter4\framework\system\CodeIgniter.php(404): CodeIgniter\CodeIgniter->runController(Object(App\Controllers\Admin))
#2 C:\xampp\htdocs\ussa\vendor\codeigniter4\framework\system\CodeIgniter.php(312): CodeIgniter\CodeIgniter->handleRequest(NULL, Object(Config\Cache), false)
#3 C:\xampp\htdocs\ussa\public\index.php(45): CodeIgniter\CodeIgniter->run()
#4 C:\xampp\htdocs\ussa\vendor\codeigniter4\framework\system\Commands\Server\rewrite.php(34): require_once('C:\\xampp\\htdocs...')
#5 {main}
CRITICAL - 2020-11-30 20:14:35 --> Call to undefined method App\Models\Posts::count_all_results
#0 C:\xampp\htdocs\ussa\app\Controllers\Admin.php(151): CodeIgniter\Model->__call('count_all_resul...', Array)
#1 C:\xampp\htdocs\ussa\vendor\codeigniter4\framework\system\CodeIgniter.php(918): App\Controllers\Admin->data()
#2 C:\xampp\htdocs\ussa\vendor\codeigniter4\framework\system\CodeIgniter.php(404): CodeIgniter\CodeIgniter->runController(Object(App\Controllers\Admin))
#3 C:\xampp\htdocs\ussa\vendor\codeigniter4\framework\system\CodeIgniter.php(312): CodeIgniter\CodeIgniter->handleRequest(NULL, Object(Config\Cache), false)
#4 C:\xampp\htdocs\ussa\public\index.php(45): CodeIgniter\CodeIgniter->run()
#5 C:\xampp\htdocs\ussa\vendor\codeigniter4\framework\system\Commands\Server\rewrite.php(34): require_once('C:\\xampp\\htdocs...')
#6 {main}
CRITICAL - 2020-11-30 20:14:41 --> Call to undefined method App\Models\Posts::count_all_results
#0 C:\xampp\htdocs\ussa\app\Controllers\Admin.php(151): CodeIgniter\Model->__call('count_all_resul...', Array)
#1 C:\xampp\htdocs\ussa\vendor\codeigniter4\framework\system\CodeIgniter.php(918): App\Controllers\Admin->data()
#2 C:\xampp\htdocs\ussa\vendor\codeigniter4\framework\system\CodeIgniter.php(404): CodeIgniter\CodeIgniter->runController(Object(App\Controllers\Admin))
#3 C:\xampp\htdocs\ussa\vendor\codeigniter4\framework\system\CodeIgniter.php(312): CodeIgniter\CodeIgniter->handleRequest(NULL, Object(Config\Cache), false)
#4 C:\xampp\htdocs\ussa\public\index.php(45): CodeIgniter\CodeIgniter->run()
#5 C:\xampp\htdocs\ussa\vendor\codeigniter4\framework\system\Commands\Server\rewrite.php(34): require_once('C:\\xampp\\htdocs...')
#6 {main}
CRITICAL - 2020-11-30 20:19:32 --> Empty statement is given for the field `Select`
#0 C:\xampp\htdocs\ussa\vendor\codeigniter4\framework\system\Database\BaseBuilder.php(506): CodeIgniter\Database\Exceptions\DataException::forEmptyInputGiven('Select')
#1 C:\xampp\htdocs\ussa\vendor\codeigniter4\framework\system\Database\BaseBuilder.php(481): CodeIgniter\Database\BaseBuilder->maxMinAvgSum('', '', 'COUNT')
#2 C:\xampp\htdocs\ussa\vendor\codeigniter4\framework\system\Model.php(1818): CodeIgniter\Database\BaseBuilder->selectCount()
#3 C:\xampp\htdocs\ussa\app\Controllers\Admin.php(151): CodeIgniter\Model->__call('selectCount', Array)
#4 C:\xampp\htdocs\ussa\vendor\codeigniter4\framework\system\CodeIgniter.php(918): App\Controllers\Admin->data()
#5 C:\xampp\htdocs\ussa\vendor\codeigniter4\framework\system\CodeIgniter.php(404): CodeIgniter\CodeIgniter->runController(Object(App\Controllers\Admin))
#6 C:\xampp\htdocs\ussa\vendor\codeigniter4\framework\system\CodeIgniter.php(312): CodeIgniter\CodeIgniter->handleRequest(NULL, Object(Config\Cache), false)
#7 C:\xampp\htdocs\ussa\public\index.php(45): CodeIgniter\CodeIgniter->run()
#8 C:\xampp\htdocs\ussa\vendor\codeigniter4\framework\system\Commands\Server\rewrite.php(34): require_once('C:\\xampp\\htdocs...')
#9 {main}
CRITICAL - 2020-11-30 20:22:13 --> Call to a member function get() on integer
#0 C:\xampp\htdocs\ussa\vendor\codeigniter4\framework\system\CodeIgniter.php(918): App\Controllers\Admin->data()
#1 C:\xampp\htdocs\ussa\vendor\codeigniter4\framework\system\CodeIgniter.php(404): CodeIgniter\CodeIgniter->runController(Object(App\Controllers\Admin))
#2 C:\xampp\htdocs\ussa\vendor\codeigniter4\framework\system\CodeIgniter.php(312): CodeIgniter\CodeIgniter->handleRequest(NULL, Object(Config\Cache), false)
#3 C:\xampp\htdocs\ussa\public\index.php(45): CodeIgniter\CodeIgniter->run()
#4 C:\xampp\htdocs\ussa\vendor\codeigniter4\framework\system\Commands\Server\rewrite.php(34): require_once('C:\\xampp\\htdocs...')
#5 {main}
